2025-01-31 15:25:31 [32minfo[39m: [32mServer is running at http://localhost:8080[39m
2025-01-31 15:25:36 [32minfo[39m: [32mServer is running at http://localhost:8080[39m
2025-01-31 15:26:44 [32minfo[39m: [32mServer is running at http://localhost:8080[39m
2025-01-31 15:27:02 [32minfo[39m: [32mServer is running at http://localhost:8080[39m
2025-01-31 15:28:05 [32minfo[39m: [32mServer is running at http://localhost:8080[39m
2025-01-31 15:30:08 [32minfo[39m: [32mServer is running at http://localhost:8080[39m
2025-01-31 15:31:43 [32minfo[39m: [32mServer is running at http://localhost:8080[39m
2025-01-31 15:32:49 [32minfo[39m: [32mServer is running at http://localhost:8080[39m
2025-01-31 15:33:27 [32minfo[39m: [32mServer is running at http://localhost:8080[39m
2025-01-31 15:33:57 [32minfo[39m: [32mServer is running at http://localhost:8080[39m
2025-01-31 15:35:02 [32minfo[39m: [32mServer is running at http://localhost:8080[39m
2025-01-31 15:35:10 [32minfo[39m: [32mServer is running at http://localhost:8080[39m
2025-01-31 15:35:24 [32minfo[39m: [32mServer is running at http://localhost:8080[39m
2025-01-31 15:35:37 [32minfo[39m: [32mDatabase connection is healthy[39m
2025-01-31 15:36:08 [32minfo[39m: [32mServer is running at http://localhost:8080[39m
2025-01-31 15:36:12 [32minfo[39m: [32mDatabase connection is healthy[39m
2025-01-31 15:36:40 [32minfo[39m: [32mServer is running at http://localhost:8080[39m
2025-01-31 15:36:44 [32minfo[39m: [32mDatabase connection is healthy[39m
2025-01-31 15:37:17 [32minfo[39m: [32mServer is running at http://localhost:8080[39m
2025-01-31 16:09:15 [32minfo[39m: [32mServer is running at http://localhost:8080[39m
2025-01-31 16:10:30 [32minfo[39m: [32mServer is running at http://localhost:8080[39m
2025-01-31 16:11:49 [32minfo[39m: [32mServer is running at http://localhost:8080[39m
2025-01-31 16:12:14 [32minfo[39m: [32mServer is running at http://localhost:8080[39m
2025-01-31 16:16:21 [32minfo[39m: [32mServer is running at http://localhost:8080[39m
2025-01-31 16:17:52 [32minfo[39m: [32mServer is running at http://localhost:8080[39m
2025-01-31 16:18:05 [32minfo[39m: [32mServer is running at http://localhost:8080[39m
2025-01-31 16:19:01 [32minfo[39m: [32mServer is running at http://localhost:8080[39m
2025-01-31 16:20:22 [32minfo[39m: [32mServer is running at http://localhost:8080[39m
2025-01-31 16:20:50 [32minfo[39m: [32mDatabase connection is healthy[39m
2025-01-31 16:23:06 [32minfo[39m: [32mServer is running at http://localhost:8080[39m
2025-01-31 16:24:17 [32minfo[39m: [32mServer is running at http://localhost:8080[39m
2025-02-01 11:32:10 [32minfo[39m: [32mServer is running at http://localhost:8080[39m
2025-02-06 13:48:10 [32minfo[39m: [32mServer is running at http://localhost:8080[39m
2025-02-06 13:54:11 [32minfo[39m: [32mServer is running at http://localhost:8080[39m
2025-02-06 17:07:13 [32minfo[39m: [32mServer is running at http://localhost:8080[39m
2025-02-06 17:08:37 [32minfo[39m: [32mServer is running at http://localhost:8080[39m
2025-02-06 17:08:53 [32minfo[39m: [32mServer is running at http://localhost:8080[39m
2025-02-06 17:12:42 [32minfo[39m: [32mServer is running at http://localhost:8080[39m
2025-02-09 15:12:40 [32minfo[39m: [32mServer is running at http://localhost:8080[39m
2025-02-09 15:12:47 [32minfo[39m: [32mDatabase connection is healthy[39m
2025-02-09 15:12:47 [35mhttp[39m: [35mGET / 200 76 - 13.266 ms[39m
2025-02-09 15:12:47 [35mhttp[39m: [35mGET /favicon.ico 404 150 - 4.504 ms[39m
2025-02-09 18:51:05 [31merror[39m: [31mError: validationResult is not defined[39m
2025-02-09 18:56:51 [31merror[39m: [31mRegistration Error: res is not defined[39m
2025-02-09 21:00:10 [31merror[39m: [31mError: Expected double-quoted property name in JSON at position 78[39m
2025-02-09 21:18:10 [33mwarn[39m: [33mLogin failed: Incorrect password for user 9876543218[39m
